<?xml version="1.0" encoding="UTF-8"?>
<!-- Generated by org.testng.reporters.JUnitReportReporter -->
<testsuite hostname="RICKU" failures="0" tests="2" name="com.actitime.log1.ActitimeLogin" time="0.006" errors="0" timestamp="2023-09-02T19:52:05 IST" skipped="0">
  <testcase classname="com.actitime.log1.ActitimeLogin" name="logOut" time="0.005"/>
  <system-out>
    <![CDATA[LOGOUT]]>
  </system-out>
  <testcase classname="com.actitime.log1.ActitimeLogin" name="loginActi" time="0.001"/>
  <system-out>
    <![CDATA[Login]]>
  </system-out>
</testsuite> <!-- com.actitime.log1.ActitimeLogin -->
